<?xml version="1.0" encoding="UTF-8"?>
<!-- Generated by org.testng.reporters.JUnitXMLReporter -->
<testsuite hostname="INBLL000516" ignored="0" name="ChromeTest" tests="7" failures="0" timestamp="2022-01-14T19:15:43 IST" time="29.146" errors="0">
  <testcase name="@BeforeTest setup" time="28.968" classname="com.psl.OpenCart.Tests.FinalTest">
    <failure type="org.openqa.selenium.NoSuchElementException" message="Cannot locate an element using xpath=//*[@id=&amp;quot;top-links&amp;quot;]/ul/li[2]/a
For documentation on this error, please visit: https://www.seleniumhq.org/exceptions/no_such_element.html
Build info: version: &amp;apos;3.141.59&amp;apos;, revision: &amp;apos;e82be7d358&amp;apos;, time: &amp;apos;2018-11-14T08:17:03&amp;apos;
System info: host: &amp;apos;INBLL000516&amp;apos;, ip: &amp;apos;192.168.0.105&amp;apos;, os.name: &amp;apos;Windows 10&amp;apos;, os.arch: &amp;apos;amd64&amp;apos;, os.version: &amp;apos;10.0&amp;apos;, java.version: &amp;apos;1.8.0_92&amp;apos;
Driver info: driver.version: RemoteWebDriver">
      <![CDATA[org.openqa.selenium.NoSuchElementException: Cannot locate an element using xpath=//*[@id="top-links"]/ul/li[2]/a
For documentation on this error, please visit: https://www.seleniumhq.org/exceptions/no_such_element.html
Build info: version: '3.141.59', revision: 'e82be7d358', time: '2018-11-14T08:17:03'
System info: host: 'INBLL000516', ip: '192.168.0.105', os.name: 'Windows 10', os.arch: 'amd64', os.version: '10.0', java.version: '1.8.0_92'
Driver info: driver.version: RemoteWebDriver
at org.openqa.selenium.remote.RemoteWebDriver.findElement(RemoteWebDriver.java:327)
at org.openqa.selenium.remote.RemoteWebDriver.findElementByXPath(RemoteWebDriver.java:428)
at org.openqa.selenium.By$ByXPath.findElement(By.java:353)
at org.openqa.selenium.remote.RemoteWebDriver.findElement(RemoteWebDriver.java:315)
at com.psl.OpenCart.Tests.FinalTest.setup(FinalTest.java:102)
at java.util.concurrent.FutureTask.run(FutureTask.java:266)
at java.util.concurrent.ThreadPoolExecutor.runWorker(ThreadPoolExecutor.java:1142)
at java.util.concurrent.ThreadPoolExecutor$Worker.run(ThreadPoolExecutor.java:617)
at java.lang.Thread.run(Thread.java:745)
... Removed 15 stack frames]]>
    </failure>
  </testcase> <!-- @BeforeTest setup -->
  <testcase name="@AfterTest closeBrowsers" time="-1.6421679431E9" classname="com.psl.OpenCart.Tests.FinalTest">
    <skipped/>
  </testcase> <!-- @AfterTest closeBrowsers -->
  <testcase name="validateEuroCurrencyfunc" time="0.0" classname="com.psl.OpenCart.Tests.FinalTest">
    <skipped/>
  </testcase> <!-- validateEuroCurrencyfunc -->
  <testcase name="validatePoundCurrencyfunc" time="0.0" classname="com.psl.OpenCart.Tests.FinalTest">
    <skipped/>
  </testcase> <!-- validatePoundCurrencyfunc -->
  <testcase name="validateUSDollarCurrencyfunc" time="0.0" classname="com.psl.OpenCart.Tests.FinalTest">
    <skipped/>
  </testcase> <!-- validateUSDollarCurrencyfunc -->
  <testcase name="validateShoppingCartPFUpdateFunc" time="0.0" classname="com.psl.OpenCart.Tests.FinalTest">
    <skipped/>
  </testcase> <!-- validateShoppingCartPFUpdateFunc -->
  <testcase name="validateShoppingCartFinalTotalPriceCheck" time="0.0" classname="com.psl.OpenCart.Tests.FinalTest">
    <skipped/>
  </testcase> <!-- validateShoppingCartFinalTotalPriceCheck -->
  <testcase name="validateAddCouponFunc" time="0.0" classname="com.psl.OpenCart.Tests.FinalTest">
    <skipped/>
  </testcase> <!-- validateAddCouponFunc -->
  <testcase name="validateShoppingCartRemoveFunc" time="0.0" classname="com.psl.OpenCart.Tests.FinalTest">
    <skipped/>
  </testcase> <!-- validateShoppingCartRemoveFunc -->
</testsuite> <!-- ChromeTest -->
