<?xml version="1.0" encoding="UTF-8"?>
<!-- Generated by org.testng.reporters.JUnitXMLReporter -->
<testsuite hostname="INBLL000516" ignored="0" name="FirefoxTest" tests="7" failures="0" timestamp="2022-01-14T19:15:44 IST" time="30.518" errors="0">
  <testcase name="@BeforeTest setup" time="30.465" classname="com.psl.OpenCart.Tests.FinalTest">
    <failure type="org.openqa.selenium.WebDriverException" message="TypeError: browsingContext.currentWindowGlobal is null
Build info: version: &amp;apos;3.141.59&amp;apos;, revision: &amp;apos;e82be7d358&amp;apos;, time: &amp;apos;2018-11-14T08:17:03&amp;apos;
System info: host: &amp;apos;INBLL000516&amp;apos;, ip: &amp;apos;192.168.0.105&amp;apos;, os.name: &amp;apos;Windows 10&amp;apos;, os.arch: &amp;apos;amd64&amp;apos;, os.version: &amp;apos;10.0&amp;apos;, java.version: &amp;apos;1.8.0_92&amp;apos;
Driver info: org.openqa.selenium.firefox.FirefoxDriver
Capabilities {acceptInsecureCerts: true, browserName: firefox, browserVersion: 96.0, javascriptEnabled: true, moz:accessibilityChecks: false, moz:buildID: 20220106144528, moz:geckodriverVersion: 0.30.0, moz:headless: false, moz:processID: 9776, moz:profile: C:\Users\segu_revathi\AppDa..., moz:shutdownTimeout: 60000, moz:useNonSpecCompliantPointerOrigin: false, moz:webdriverClick: true, pageLoadStrategy: normal, platform: WINDOWS, platformName: WINDOWS, platformVersion: 10.0, proxy: Proxy(), setWindowRect: true, strictFileInteractability: false, timeouts: {implicit: 0, pageLoad: 300000, script: 30000}, unhandledPromptBehavior: dismiss and notify}
Session ID: 0c537985-14f6-4e98-b93e-ca30ae8ceb7e
*** Element info: {Using=xpath, value=//*[@id=&amp;quot;top-links&amp;quot;]/ul/li[2]/a}">
      <![CDATA[org.openqa.selenium.WebDriverException: TypeError: browsingContext.currentWindowGlobal is null
Build info: version: '3.141.59', revision: 'e82be7d358', time: '2018-11-14T08:17:03'
System info: host: 'INBLL000516', ip: '192.168.0.105', os.name: 'Windows 10', os.arch: 'amd64', os.version: '10.0', java.version: '1.8.0_92'
Driver info: org.openqa.selenium.firefox.FirefoxDriver
Capabilities {acceptInsecureCerts: true, browserName: firefox, browserVersion: 96.0, javascriptEnabled: true, moz:accessibilityChecks: false, moz:buildID: 20220106144528, moz:geckodriverVersion: 0.30.0, moz:headless: false, moz:processID: 9776, moz:profile: C:\Users\segu_revathi\AppDa..., moz:shutdownTimeout: 60000, moz:useNonSpecCompliantPointerOrigin: false, moz:webdriverClick: true, pageLoadStrategy: normal, platform: WINDOWS, platformName: WINDOWS, platformVersion: 10.0, proxy: Proxy(), setWindowRect: true, strictFileInteractability: false, timeouts: {implicit: 0, pageLoad: 300000, script: 30000}, unhandledPromptBehavior: dismiss and notify}
Session ID: 0c537985-14f6-4e98-b93e-ca30ae8ceb7e
*** Element info: {Using=xpath, value=//*[@id="top-links"]/ul/li[2]/a}
at org.openqa.selenium.remote.http.W3CHttpResponseCodec.createException(W3CHttpResponseCodec.java:187)
at org.openqa.selenium.remote.http.W3CHttpResponseCodec.decode(W3CHttpResponseCodec.java:122)
at org.openqa.selenium.remote.http.W3CHttpResponseCodec.decode(W3CHttpResponseCodec.java:49)
at org.openqa.selenium.remote.HttpCommandExecutor.execute(HttpCommandExecutor.java:158)
at org.openqa.selenium.remote.service.DriverCommandExecutor.execute(DriverCommandExecutor.java:83)
at org.openqa.selenium.remote.RemoteWebDriver.execute(RemoteWebDriver.java:552)
at org.openqa.selenium.remote.RemoteWebDriver.findElement(RemoteWebDriver.java:323)
at org.openqa.selenium.remote.RemoteWebDriver.findElementByXPath(RemoteWebDriver.java:428)
at org.openqa.selenium.By$ByXPath.findElement(By.java:353)
at org.openqa.selenium.remote.RemoteWebDriver.findElement(RemoteWebDriver.java:315)
at com.psl.OpenCart.Tests.FinalTest.setup(FinalTest.java:102)
at java.util.concurrent.FutureTask.run(FutureTask.java:266)
at java.util.concurrent.ThreadPoolExecutor.runWorker(ThreadPoolExecutor.java:1142)
at java.util.concurrent.ThreadPoolExecutor$Worker.run(ThreadPoolExecutor.java:617)
at java.lang.Thread.run(Thread.java:745)
... Removed 19 stack frames]]>
    </failure>
  </testcase> <!-- @BeforeTest setup -->
  <testcase name="@AfterTest closeBrowsers" time="-1.642167944472E9" classname="com.psl.OpenCart.Tests.FinalTest">
    <skipped/>
  </testcase> <!-- @AfterTest closeBrowsers -->
  <testcase name="validateEuroCurrencyfunc" time="0.0" classname="com.psl.OpenCart.Tests.FinalTest">
    <skipped/>
  </testcase> <!-- validateEuroCurrencyfunc -->
  <testcase name="validatePoundCurrencyfunc" time="0.0" classname="com.psl.OpenCart.Tests.FinalTest">
    <skipped/>
  </testcase> <!-- validatePoundCurrencyfunc -->
  <testcase name="validateUSDollarCurrencyfunc" time="0.0" classname="com.psl.OpenCart.Tests.FinalTest">
    <skipped/>
  </testcase> <!-- validateUSDollarCurrencyfunc -->
  <testcase name="validateShoppingCartPFUpdateFunc" time="0.0" classname="com.psl.OpenCart.Tests.FinalTest">
    <skipped/>
  </testcase> <!-- validateShoppingCartPFUpdateFunc -->
  <testcase name="validateShoppingCartFinalTotalPriceCheck" time="0.0" classname="com.psl.OpenCart.Tests.FinalTest">
    <skipped/>
  </testcase> <!-- validateShoppingCartFinalTotalPriceCheck -->
  <testcase name="validateAddCouponFunc" time="0.0" classname="com.psl.OpenCart.Tests.FinalTest">
    <skipped/>
  </testcase> <!-- validateAddCouponFunc -->
  <testcase name="validateShoppingCartRemoveFunc" time="0.0" classname="com.psl.OpenCart.Tests.FinalTest">
    <skipped/>
  </testcase> <!-- validateShoppingCartRemoveFunc -->
</testsuite> <!-- FirefoxTest -->
